Build started 5/4/2017 2:18:49 PM.
     1>Project "C:\Dropbox\mge2\sdks\imgui\examples\directx9_example\directx9_example.vcxproj" on node 2 (Build target(s)).
     1>InitializeBuildStatus:
         Creating "C:\Dropbox\mge2\sdks\imgui\examples\directx9_example\Debug\directx9_example.tlog\unsuccessfulbuild" because "AlwaysCreate" was specified.
       ClCompile:
         All outputs are up-to-date.
         C:\Program Files (x86)\Microsoft Visual Studio 14.0\VC\bin\CL.exe /c /I..\.. /I"C:\Program Files (x86)\Microsoft DirectX SDK (April 2007)\Include" /ZI /nologo /W4 /WX- /Od /Oy- /D _UNICODE /D UNICODE /Gm /EHsc /RTC1 /MDd /GS /fp:precise /Zc:wchar_t /Zc:forScope /Zc:inline /Fo"C:\Dropbox\mge2\sdks\imgui\examples\directx9_example\Debug\\" /Fd"C:\Dropbox\mge2\sdks\imgui\examples\directx9_example\Debug\vc140.pdb" /Gd /TP /analyze- /errorReport:prompt ..\..\imgui.cpp ..\..\imgui_demo.cpp ..\..\imgui_draw.cpp imgui_impl_dx9.cpp main.cpp
         main.cpp
     1>c:\program files (x86)\windows kits\8.1\include\um\objidlbase.h(6173): error C2061: syntax error: identifier '__RPC__out_xcount_part'
     1>c:\program files (x86)\windows kits\8.1\include\um\objidlbase.h(6177): error C2061: syntax error: identifier '__RPC__in_xcount_full'
     1>c:\program files (x86)\windows kits\8.1\include\um\objidlbase.h(6381): error C2061: syntax error: identifier '__RPC__out_xcount_part'
     1>c:\program files (x86)\windows kits\8.1\include\um\objidlbase.h(6385): error C2061: syntax error: identifier '__RPC__in_xcount_full'
     1>c:\program files (x86)\windows kits\8.1\include\um\objidlbase.h(6589): error C2061: syntax error: identifier '__RPC__out_xcount_part'
     1>c:\program files (x86)\windows kits\8.1\include\um\objidlbase.h(6593): error C2061: syntax error: identifier '__RPC__in_xcount_full'
     1>c:\program files (x86)\windows kits\8.1\include\um\objidl.h(14505): error C2061: syntax error: identifier '__RPC__inout_xcount'
     1>c:\program files (x86)\windows kits\8.1\include\um\objidl.h(14506): error C2061: syntax error: identifier '__RPC__in_xcount'
     1>c:\program files (x86)\windows kits\8.1\include\um\objidl.h(14510): error C2061: syntax error: identifier '__RPC__inout_xcount'
     1>c:\program files (x86)\windows kits\8.1\include\um\objidl.h(14511): error C2061: syntax error: identifier '__RPC__in_xcount'
     1>c:\program files (x86)\windows kits\8.1\include\um\objidl.h(14515): error C2061: syntax error: identifier '__RPC__inout_xcount'
     1>c:\program files (x86)\windows kits\8.1\include\um\objidl.h(14516): error C2061: syntax error: identifier '__RPC__in_xcount'
     1>c:\program files (x86)\windows kits\8.1\include\um\objidl.h(14520): error C2061: syntax error: identifier '__RPC__inout_xcount'
     1>c:\program files (x86)\windows kits\8.1\include\um\objidl.h(14521): error C2061: syntax error: identifier '__RPC__in_xcount'
     1>c:\program files (x86)\windows kits\8.1\include\um\objidl.h(14525): error C2061: syntax error: identifier '__RPC__inout_xcount'
     1>c:\program files (x86)\windows kits\8.1\include\um\objidl.h(14526): error C2061: syntax error: identifier '__RPC__in_xcount'
     1>c:\program files (x86)\windows kits\8.1\include\um\objidl.h(14530): error C2061: syntax error: identifier '__RPC__inout_xcount'
     1>c:\program files (x86)\windows kits\8.1\include\um\objidl.h(14531): error C2061: syntax error: identifier '__RPC__in_xcount'
     1>c:\program files (x86)\windows kits\8.1\include\um\objidl.h(14535): error C2061: syntax error: identifier '__RPC__inout_xcount'
     1>c:\program files (x86)\windows kits\8.1\include\um\objidl.h(14536): error C2061: syntax error: identifier '__RPC__in_xcount'
     1>c:\program files (x86)\windows kits\8.1\include\um\objidl.h(14540): error C2061: syntax error: identifier '__RPC__inout_xcount'
     1>c:\program files (x86)\windows kits\8.1\include\um\objidl.h(14541): error C2061: syntax error: identifier '__RPC__in_xcount'
     1>c:\program files (x86)\windows kits\8.1\include\um\objidl.h(14545): error C2061: syntax error: identifier '__RPC__inout_xcount'
     1>c:\program files (x86)\windows kits\8.1\include\um\objidl.h(14546): error C2061: syntax error: identifier '__RPC__in_xcount'
     1>c:\program files (x86)\windows kits\8.1\include\um\objidl.h(14550): error C2061: syntax error: identifier '__RPC__inout_xcount'
     1>c:\program files (x86)\windows kits\8.1\include\um\objidl.h(14551): error C2061: syntax error: identifier '__RPC__in_xcount'
     1>c:\program files (x86)\windows kits\8.1\include\um\objidl.h(14555): error C2061: syntax error: identifier '__RPC__inout_xcount'
     1>c:\program files (x86)\windows kits\8.1\include\um\objidl.h(14556): error C2061: syntax error: identifier '__RPC__in_xcount'
     1>c:\program files (x86)\windows kits\8.1\include\um\objidl.h(14560): error C2061: syntax error: identifier '__RPC__inout_xcount'
     1>c:\program files (x86)\windows kits\8.1\include\um\objidl.h(14561): error C2061: syntax error: identifier '__RPC__in_xcount'
     1>c:\program files (x86)\windows kits\8.1\include\um\objidl.h(14565): error C2061: syntax error: identifier '__RPC__inout_xcount'
     1>c:\program files (x86)\windows kits\8.1\include\um\objidl.h(14566): error C2061: syntax error: identifier '__RPC__in_xcount'
     1>c:\program files (x86)\windows kits\8.1\include\um\objidl.h(14570): error C2061: syntax error: identifier '__RPC__inout_xcount'
     1>c:\program files (x86)\windows kits\8.1\include\um\objidl.h(14571): error C2061: syntax error: identifier '__RPC__in_xcount'
     1>c:\program files (x86)\windows kits\8.1\include\um\objidl.h(14575): error C2061: syntax error: identifier '__RPC__inout_xcount'
     1>c:\program files (x86)\windows kits\8.1\include\um\objidl.h(14576): error C2061: syntax error: identifier '__RPC__in_xcount'
     1>c:\program files (x86)\windows kits\8.1\include\um\objidl.h(14580): error C2061: syntax error: identifier '__RPC__inout_xcount'
     1>c:\program files (x86)\windows kits\8.1\include\um\objidl.h(14581): error C2061: syntax error: identifier '__RPC__in_xcount'
     1>c:\program files (x86)\windows kits\8.1\include\um\oleidl.h(3876): error C2061: syntax error: identifier '__RPC__inout_xcount'
     1>c:\program files (x86)\windows kits\8.1\include\um\oleidl.h(3877): error C2061: syntax error: identifier '__RPC__in_xcount'
     1>c:\program files (x86)\windows kits\8.1\include\um\oleidl.h(3881): error C2061: syntax error: identifier '__RPC__inout_xcount'
     1>c:\program files (x86)\windows kits\8.1\include\um\oleidl.h(3882): error C2061: syntax error: identifier '__RPC__in_xcount'
     1>c:\program files (x86)\windows kits\8.1\include\um\oleidl.h(3886): error C2061: syntax error: identifier '__RPC__inout_xcount'
     1>c:\program files (x86)\windows kits\8.1\include\um\oleidl.h(3887): error C2061: syntax error: identifier '__RPC__in_xcount'
     1>c:\program files (x86)\windows kits\8.1\include\um\oleidl.h(3891): error C2061: syntax error: identifier '__RPC__inout_xcount'
     1>c:\program files (x86)\windows kits\8.1\include\um\oleidl.h(3892): error C2061: syntax error: identifier '__RPC__in_xcount'
     1>c:\program files (x86)\windows kits\8.1\include\um\oleidl.h(3896): error C2061: syntax error: identifier '__RPC__inout_xcount'
     1>c:\program files (x86)\windows kits\8.1\include\um\oleidl.h(3897): error C2061: syntax error: identifier '__RPC__in_xcount'
     1>c:\program files (x86)\windows kits\8.1\include\um\oleidl.h(3901): error C2061: syntax error: identifier '__RPC__inout_xcount'
     1>c:\program files (x86)\windows kits\8.1\include\um\oleidl.h(3902): error C2061: syntax error: identifier '__RPC__in_xcount'
     1>c:\program files (x86)\windows kits\8.1\include\um\oleidl.h(3906): error C2061: syntax error: identifier '__RPC__inout_xcount'
     1>c:\program files (x86)\windows kits\8.1\include\um\oleidl.h(3907): error C2061: syntax error: identifier '__RPC__in_xcount'
     1>c:\program files (x86)\windows kits\8.1\include\um\oleidl.h(3911): error C2061: syntax error: identifier '__RPC__inout_xcount'
     1>c:\program files (x86)\windows kits\8.1\include\um\oleidl.h(3912): error C2061: syntax error: identifier '__RPC__in_xcount'
     1>c:\program files (x86)\windows kits\8.1\include\um\oleidl.h(3916): error C2061: syntax error: identifier '__RPC__inout_xcount'
     1>c:\program files (x86)\windows kits\8.1\include\um\oleidl.h(3917): error C2061: syntax error: identifier '__RPC__in_xcount'
     1>c:\program files (x86)\windows kits\8.1\include\um\oleidl.h(3921): error C2061: syntax error: identifier '__RPC__inout_xcount'
     1>c:\program files (x86)\windows kits\8.1\include\um\oleidl.h(3922): error C2061: syntax error: identifier '__RPC__in_xcount'
     1>c:\program files (x86)\windows kits\8.1\include\um\oleidl.h(3926): error C2061: syntax error: identifier '__RPC__inout_xcount'
     1>c:\program files (x86)\windows kits\8.1\include\um\oleidl.h(3927): error C2061: syntax error: identifier '__RPC__in_xcount'
     1>c:\program files (x86)\windows kits\8.1\include\um\oleidl.h(3931): error C2061: syntax error: identifier '__RPC__inout_xcount'
     1>c:\program files (x86)\windows kits\8.1\include\um\oleidl.h(3932): error C2061: syntax error: identifier '__RPC__in_xcount'
     1>c:\program files (x86)\windows kits\8.1\include\um\oleidl.h(3936): error C2061: syntax error: identifier '__RPC__inout_xcount'
     1>c:\program files (x86)\windows kits\8.1\include\um\oleidl.h(3937): error C2061: syntax error: identifier '__RPC__in_xcount'
     1>c:\program files (x86)\windows kits\8.1\include\um\oleidl.h(3941): error C2061: syntax error: identifier '__RPC__inout_xcount'
     1>c:\program files (x86)\windows kits\8.1\include\um\oleidl.h(3942): error C2061: syntax error: identifier '__RPC__in_xcount'
     1>c:\program files (x86)\windows kits\8.1\include\um\oaidl.h(2198): error C2061: syntax error: identifier '__RPC__in_range'
     1>c:\program files (x86)\windows kits\8.1\include\um\oaidl.h(5331): error C2061: syntax error: identifier '__RPC__inout_xcount'
     1>c:\program files (x86)\windows kits\8.1\include\um\oaidl.h(5332): error C2061: syntax error: identifier '__RPC__in_xcount'
     1>c:\program files (x86)\windows kits\8.1\include\um\oaidl.h(5336): error C2061: syntax error: identifier '__RPC__inout_xcount'
     1>c:\program files (x86)\windows kits\8.1\include\um\oaidl.h(5337): error C2061: syntax error: identifier '__RPC__in_xcount'
     1>c:\program files (x86)\windows kits\8.1\include\um\oaidl.h(5341): error C2061: syntax error: identifier '__RPC__inout_xcount'
     1>c:\program files (x86)\windows kits\8.1\include\um\oaidl.h(5342): error C2061: syntax error: identifier '__RPC__in_xcount'
     1>c:\program files (x86)\windows kits\8.1\include\um\oaidl.h(5346): error C2061: syntax error: identifier '__RPC__inout_xcount'
     1>c:\program files (x86)\windows kits\8.1\include\um\oaidl.h(5347): error C2061: syntax error: identifier '__RPC__in_xcount'
     1>c:\program files (x86)\windows kits\8.1\include\um\oaidl.h(5351): error C2061: syntax error: identifier '__RPC__inout_xcount'
     1>c:\program files (x86)\windows kits\8.1\include\um\oaidl.h(5352): error C2061: syntax error: identifier '__RPC__in_xcount'
     1>c:\program files (x86)\windows kits\8.1\include\um\oaidl.h(5356): error C2061: syntax error: identifier '__RPC__inout_xcount'
     1>c:\program files (x86)\windows kits\8.1\include\um\oaidl.h(5357): error C2061: syntax error: identifier '__RPC__in_xcount'
     1>c:\program files (x86)\windows kits\8.1\include\um\urlmon.h(10172): error C2061: syntax error: identifier '__RPC__inout_xcount'
     1>c:\program files (x86)\windows kits\8.1\include\um\urlmon.h(10173): error C2061: syntax error: identifier '__RPC__in_xcount'
     1>c:\program files (x86)\windows kits\8.1\include\um\urlmon.h(10177): error C2061: syntax error: identifier '__RPC__inout_xcount'
     1>c:\program files (x86)\windows kits\8.1\include\um\urlmon.h(10178): error C2061: syntax error: identifier '__RPC__in_xcount'
     1>c:\program files (x86)\windows kits\8.1\include\um\urlmon.h(10182): error C2061: syntax error: identifier '__RPC__inout_xcount'
     1>c:\program files (x86)\windows kits\8.1\include\um\urlmon.h(10183): error C2061: syntax error: identifier '__RPC__in_xcount'
     1>c:\program files (x86)\windows kits\8.1\include\um\urlmon.h(10187): error C2061: syntax error: identifier '__RPC__inout_xcount'
     1>c:\program files (x86)\windows kits\8.1\include\um\urlmon.h(10188): error C2061: syntax error: identifier '__RPC__in_xcount'
     1>c:\program files (x86)\windows kits\8.1\include\um\propidl.h(1289): error C2061: syntax error: identifier '__RPC__inout_xcount'
     1>c:\program files (x86)\windows kits\8.1\include\um\propidl.h(1290): error C2061: syntax error: identifier '__RPC__in_xcount'
     1>c:\program files (x86)\windows kits\8.1\include\um\propidl.h(1294): error C2061: syntax error: identifier '__RPC__inout_xcount'
     1>c:\program files (x86)\windows kits\8.1\include\um\propidl.h(1295): error C2061: syntax error: identifier '__RPC__in_xcount'
     1>c:\program files (x86)\windows kits\8.1\include\um\propidl.h(1299): error C2061: syntax error: identifier '__RPC__inout_xcount'
     1>c:\program files (x86)\windows kits\8.1\include\um\propidl.h(1300): error C2061: syntax error: identifier '__RPC__in_xcount'
     1>c:\program files (x86)\windows kits\8.1\include\um\propidl.h(1304): error C2061: syntax error: identifier '__RPC__inout_xcount'
     1>c:\program files (x86)\windows kits\8.1\include\um\propidl.h(1305): error C2061: syntax error: identifier '__RPC__in_xcount'
         imgui_impl_dx9.cpp
     1>c:\program files (x86)\windows kits\8.1\include\um\objidlbase.h(6173): error C2061: syntax error: identifier '__RPC__out_xcount_part'
     1>c:\program files (x86)\windows kits\8.1\include\um\objidlbase.h(6177): error C2061: syntax error: identifier '__RPC__in_xcount_full'
     1>c:\program files (x86)\windows kits\8.1\include\um\objidlbase.h(6381): error C2061: syntax error: identifier '__RPC__out_xcount_part'
     1>c:\program files (x86)\windows kits\8.1\include\um\objidlbase.h(6385): error C2061: syntax error: identifier '__RPC__in_xcount_full'
     1>c:\program files (x86)\windows kits\8.1\include\um\objidlbase.h(6589): error C2061: syntax error: identifier '__RPC__out_xcount_part'
     1>c:\program files (x86)\windows kits\8.1\include\um\objidlbase.h(6593): error C2061: syntax error: identifier '__RPC__in_xcount_full'
     1>c:\program files (x86)\windows kits\8.1\include\um\objidl.h(14505): error C2061: syntax error: identifier '__RPC__inout_xcount'
     1>c:\program files (x86)\windows kits\8.1\include\um\objidl.h(14506): error C2061: syntax error: identifier '__RPC__in_xcount'
     1>c:\program files (x86)\windows kits\8.1\include\um\objidl.h(14510): error C2061: syntax error: identifier '__RPC__inout_xcount'
     1>c:\program files (x86)\windows kits\8.1\include\um\objidl.h(14511): error C2061: syntax error: identifier '__RPC__in_xcount'
     1>c:\program files (x86)\windows kits\8.1\include\um\objidl.h(14515): error C2061: syntax error: identifier '__RPC__inout_xcount'
     1>c:\program files (x86)\windows kits\8.1\include\um\objidl.h(14516): error C2061: syntax error: identifier '__RPC__in_xcount'
     1>c:\program files (x86)\windows kits\8.1\include\um\objidl.h(14520): error C2061: syntax error: identifier '__RPC__inout_xcount'
     1>c:\program files (x86)\windows kits\8.1\include\um\objidl.h(14521): error C2061: syntax error: identifier '__RPC__in_xcount'
     1>c:\program files (x86)\windows kits\8.1\include\um\objidl.h(14525): error C2061: syntax error: identifier '__RPC__inout_xcount'
     1>c:\program files (x86)\windows kits\8.1\include\um\objidl.h(14526): error C2061: syntax error: identifier '__RPC__in_xcount'
     1>c:\program files (x86)\windows kits\8.1\include\um\objidl.h(14530): error C2061: syntax error: identifier '__RPC__inout_xcount'
     1>c:\program files (x86)\windows kits\8.1\include\um\objidl.h(14531): error C2061: syntax error: identifier '__RPC__in_xcount'
     1>c:\program files (x86)\windows kits\8.1\include\um\objidl.h(14535): error C2061: syntax error: identifier '__RPC__inout_xcount'
     1>c:\program files (x86)\windows kits\8.1\include\um\objidl.h(14536): error C2061: syntax error: identifier '__RPC__in_xcount'
     1>c:\program files (x86)\windows kits\8.1\include\um\objidl.h(14540): error C2061: syntax error: identifier '__RPC__inout_xcount'
     1>c:\program files (x86)\windows kits\8.1\include\um\objidl.h(14541): error C2061: syntax error: identifier '__RPC__in_xcount'
     1>c:\program files (x86)\windows kits\8.1\include\um\objidl.h(14545): error C2061: syntax error: identifier '__RPC__inout_xcount'
     1>c:\program files (x86)\windows kits\8.1\include\um\objidl.h(14546): error C2061: syntax error: identifier '__RPC__in_xcount'
     1>c:\program files (x86)\windows kits\8.1\include\um\objidl.h(14550): error C2061: syntax error: identifier '__RPC__inout_xcount'
     1>c:\program files (x86)\windows kits\8.1\include\um\objidl.h(14551): error C2061: syntax error: identifier '__RPC__in_xcount'
     1>c:\program files (x86)\windows kits\8.1\include\um\objidl.h(14555): error C2061: syntax error: identifier '__RPC__inout_xcount'
     1>c:\program files (x86)\windows kits\8.1\include\um\objidl.h(14556): error C2061: syntax error: identifier '__RPC__in_xcount'
     1>c:\program files (x86)\windows kits\8.1\include\um\objidl.h(14560): error C2061: syntax error: identifier '__RPC__inout_xcount'
     1>c:\program files (x86)\windows kits\8.1\include\um\objidl.h(14561): error C2061: syntax error: identifier '__RPC__in_xcount'
     1>c:\program files (x86)\windows kits\8.1\include\um\objidl.h(14565): error C2061: syntax error: identifier '__RPC__inout_xcount'
     1>c:\program files (x86)\windows kits\8.1\include\um\objidl.h(14566): error C2061: syntax error: identifier '__RPC__in_xcount'
     1>c:\program files (x86)\windows kits\8.1\include\um\objidl.h(14570): error C2061: syntax error: identifier '__RPC__inout_xcount'
     1>c:\program files (x86)\windows kits\8.1\include\um\objidl.h(14571): error C2061: syntax error: identifier '__RPC__in_xcount'
     1>c:\program files (x86)\windows kits\8.1\include\um\objidl.h(14575): error C2061: syntax error: identifier '__RPC__inout_xcount'
     1>c:\program files (x86)\windows kits\8.1\include\um\objidl.h(14576): error C2061: syntax error: identifier '__RPC__in_xcount'
     1>c:\program files (x86)\windows kits\8.1\include\um\objidl.h(14580): error C2061: syntax error: identifier '__RPC__inout_xcount'
     1>c:\program files (x86)\windows kits\8.1\include\um\objidl.h(14581): error C2061: syntax error: identifier '__RPC__in_xcount'
     1>c:\program files (x86)\windows kits\8.1\include\um\oleidl.h(3876): error C2061: syntax error: identifier '__RPC__inout_xcount'
     1>c:\program files (x86)\windows kits\8.1\include\um\oleidl.h(3877): error C2061: syntax error: identifier '__RPC__in_xcount'
     1>c:\program files (x86)\windows kits\8.1\include\um\oleidl.h(3881): error C2061: syntax error: identifier '__RPC__inout_xcount'
     1>c:\program files (x86)\windows kits\8.1\include\um\oleidl.h(3882): error C2061: syntax error: identifier '__RPC__in_xcount'
     1>c:\program files (x86)\windows kits\8.1\include\um\oleidl.h(3886): error C2061: syntax error: identifier '__RPC__inout_xcount'
     1>c:\program files (x86)\windows kits\8.1\include\um\oleidl.h(3887): error C2061: syntax error: identifier '__RPC__in_xcount'
     1>c:\program files (x86)\windows kits\8.1\include\um\oleidl.h(3891): error C2061: syntax error: identifier '__RPC__inout_xcount'
     1>c:\program files (x86)\windows kits\8.1\include\um\oleidl.h(3892): error C2061: syntax error: identifier '__RPC__in_xcount'
     1>c:\program files (x86)\windows kits\8.1\include\um\oleidl.h(3896): error C2061: syntax error: identifier '__RPC__inout_xcount'
     1>c:\program files (x86)\windows kits\8.1\include\um\oleidl.h(3897): error C2061: syntax error: identifier '__RPC__in_xcount'
     1>c:\program files (x86)\windows kits\8.1\include\um\oleidl.h(3901): error C2061: syntax error: identifier '__RPC__inout_xcount'
     1>c:\program files (x86)\windows kits\8.1\include\um\oleidl.h(3902): error C2061: syntax error: identifier '__RPC__in_xcount'
     1>c:\program files (x86)\windows kits\8.1\include\um\oleidl.h(3906): error C2061: syntax error: identifier '__RPC__inout_xcount'
     1>c:\program files (x86)\windows kits\8.1\include\um\oleidl.h(3907): error C2061: syntax error: identifier '__RPC__in_xcount'
     1>c:\program files (x86)\windows kits\8.1\include\um\oleidl.h(3911): error C2061: syntax error: identifier '__RPC__inout_xcount'
     1>c:\program files (x86)\windows kits\8.1\include\um\oleidl.h(3912): error C2061: syntax error: identifier '__RPC__in_xcount'
     1>c:\program files (x86)\windows kits\8.1\include\um\oleidl.h(3916): error C2061: syntax error: identifier '__RPC__inout_xcount'
     1>c:\program files (x86)\windows kits\8.1\include\um\oleidl.h(3917): error C2061: syntax error: identifier '__RPC__in_xcount'
     1>c:\program files (x86)\windows kits\8.1\include\um\oleidl.h(3921): error C2061: syntax error: identifier '__RPC__inout_xcount'
     1>c:\program files (x86)\windows kits\8.1\include\um\oleidl.h(3922): error C2061: syntax error: identifier '__RPC__in_xcount'
     1>c:\program files (x86)\windows kits\8.1\include\um\oleidl.h(3926): error C2061: syntax error: identifier '__RPC__inout_xcount'
     1>c:\program files (x86)\windows kits\8.1\include\um\oleidl.h(3927): error C2061: syntax error: identifier '__RPC__in_xcount'
     1>c:\program files (x86)\windows kits\8.1\include\um\oleidl.h(3931): error C2061: syntax error: identifier '__RPC__inout_xcount'
     1>c:\program files (x86)\windows kits\8.1\include\um\oleidl.h(3932): error C2061: syntax error: identifier '__RPC__in_xcount'
     1>c:\program files (x86)\windows kits\8.1\include\um\oleidl.h(3936): error C2061: syntax error: identifier '__RPC__inout_xcount'
     1>c:\program files (x86)\windows kits\8.1\include\um\oleidl.h(3937): error C2061: syntax error: identifier '__RPC__in_xcount'
     1>c:\program files (x86)\windows kits\8.1\include\um\oleidl.h(3941): error C2061: syntax error: identifier '__RPC__inout_xcount'
     1>c:\program files (x86)\windows kits\8.1\include\um\oleidl.h(3942): error C2061: syntax error: identifier '__RPC__in_xcount'
     1>c:\program files (x86)\windows kits\8.1\include\um\oaidl.h(2198): error C2061: syntax error: identifier '__RPC__in_range'
     1>c:\program files (x86)\windows kits\8.1\include\um\oaidl.h(5331): error C2061: syntax error: identifier '__RPC__inout_xcount'
     1>c:\program files (x86)\windows kits\8.1\include\um\oaidl.h(5332): error C2061: syntax error: identifier '__RPC__in_xcount'
     1>c:\program files (x86)\windows kits\8.1\include\um\oaidl.h(5336): error C2061: syntax error: identifier '__RPC__inout_xcount'
     1>c:\program files (x86)\windows kits\8.1\include\um\oaidl.h(5337): error C2061: syntax error: identifier '__RPC__in_xcount'
     1>c:\program files (x86)\windows kits\8.1\include\um\oaidl.h(5341): error C2061: syntax error: identifier '__RPC__inout_xcount'
     1>c:\program files (x86)\windows kits\8.1\include\um\oaidl.h(5342): error C2061: syntax error: identifier '__RPC__in_xcount'
     1>c:\program files (x86)\windows kits\8.1\include\um\oaidl.h(5346): error C2061: syntax error: identifier '__RPC__inout_xcount'
     1>c:\program files (x86)\windows kits\8.1\include\um\oaidl.h(5347): error C2061: syntax error: identifier '__RPC__in_xcount'
     1>c:\program files (x86)\windows kits\8.1\include\um\oaidl.h(5351): error C2061: syntax error: identifier '__RPC__inout_xcount'
     1>c:\program files (x86)\windows kits\8.1\include\um\oaidl.h(5352): error C2061: syntax error: identifier '__RPC__in_xcount'
     1>c:\program files (x86)\windows kits\8.1\include\um\oaidl.h(5356): error C2061: syntax error: identifier '__RPC__inout_xcount'
     1>c:\program files (x86)\windows kits\8.1\include\um\oaidl.h(5357): error C2061: syntax error: identifier '__RPC__in_xcount'
     1>c:\program files (x86)\windows kits\8.1\include\um\urlmon.h(10172): error C2061: syntax error: identifier '__RPC__inout_xcount'
     1>c:\program files (x86)\windows kits\8.1\include\um\urlmon.h(10173): error C2061: syntax error: identifier '__RPC__in_xcount'
     1>c:\program files (x86)\windows kits\8.1\include\um\urlmon.h(10177): error C2061: syntax error: identifier '__RPC__inout_xcount'
     1>c:\program files (x86)\windows kits\8.1\include\um\urlmon.h(10178): error C2061: syntax error: identifier '__RPC__in_xcount'
     1>c:\program files (x86)\windows kits\8.1\include\um\urlmon.h(10182): error C2061: syntax error: identifier '__RPC__inout_xcount'
     1>c:\program files (x86)\windows kits\8.1\include\um\urlmon.h(10183): error C2061: syntax error: identifier '__RPC__in_xcount'
     1>c:\program files (x86)\windows kits\8.1\include\um\urlmon.h(10187): error C2061: syntax error: identifier '__RPC__inout_xcount'
     1>c:\program files (x86)\windows kits\8.1\include\um\urlmon.h(10188): error C2061: syntax error: identifier '__RPC__in_xcount'
     1>c:\program files (x86)\windows kits\8.1\include\um\propidl.h(1289): error C2061: syntax error: identifier '__RPC__inout_xcount'
     1>c:\program files (x86)\windows kits\8.1\include\um\propidl.h(1290): error C2061: syntax error: identifier '__RPC__in_xcount'
     1>c:\program files (x86)\windows kits\8.1\include\um\propidl.h(1294): error C2061: syntax error: identifier '__RPC__inout_xcount'
     1>c:\program files (x86)\windows kits\8.1\include\um\propidl.h(1295): error C2061: syntax error: identifier '__RPC__in_xcount'
     1>c:\program files (x86)\windows kits\8.1\include\um\propidl.h(1299): error C2061: syntax error: identifier '__RPC__inout_xcount'
     1>c:\program files (x86)\windows kits\8.1\include\um\propidl.h(1300): error C2061: syntax error: identifier '__RPC__in_xcount'
     1>c:\program files (x86)\windows kits\8.1\include\um\propidl.h(1304): error C2061: syntax error: identifier '__RPC__inout_xcount'
     1>c:\program files (x86)\windows kits\8.1\include\um\propidl.h(1305): error C2061: syntax error: identifier '__RPC__in_xcount'
         imgui_draw.cpp
         imgui_demo.cpp
         imgui.cpp
         Generating Code...
     1>Done Building Project "C:\Dropbox\mge2\sdks\imgui\examples\directx9_example\directx9_example.vcxproj" (Build target(s)) -- FAILED.

Build FAILED.

Time Elapsed 00:00:02.38
